2025-09-05 16:51:59,051 - __main__ - INFO - Initializing database connection...
2025-09-05 16:51:59,054 - utils.database - INFO - Initializing MongoDB connection...
2025-09-05 16:51:59,504 - utils.database - INFO - PyMongo initialized successfully
2025-09-05 16:51:59,951 - utils.database - INFO - MongoEngine initialized successfully
2025-09-05 16:52:00,807 - utils.database - INFO - MongoDB connection successful
2025-09-05 16:52:00,854 - utils.database - INFO - Creating indexes for all models...
2025-09-05 16:52:03,323 - utils.database - INFO - Indexes created successfully
2025-09-05 16:52:03,324 - __main__ - INFO - Database connection initialized successfully
2025-09-05 16:52:03,507 - passlib.registry - DEBUG - registered 'bcrypt_sha256' handler: <class 'passlib.handlers.bcrypt.bcrypt_sha256'>
2025-09-05 16:52:03,606 - routes.api - INFO - All blueprints registered successfully
2025-09-05 16:52:03,622 - __main__ - INFO - TrueCred API initialized in development mode
2025-09-05 16:52:03,736 - werkzeug - INFO - [31m[1mWARNING: This is a development server. Do not use it in a production deployment. Use a production WSGI server instead.[0m
 * Running on all addresses (0.0.0.0)
 * Running on http://127.0.0.1:5000
 * Running on http://192.168.1.104:5000
2025-09-05 16:52:03,737 - werkzeug - INFO - [33mPress CTRL+C to quit[0m
2025-09-05 16:52:03,778 - werkzeug - INFO -  * Restarting with watchdog (windowsapi)
2025-09-05 16:52:05,134 - __main__ - INFO - Initializing database connection...
2025-09-05 16:52:05,137 - utils.database - INFO - Initializing MongoDB connection...
2025-09-05 16:52:05,436 - utils.database - INFO - PyMongo initialized successfully
2025-09-05 16:52:05,678 - utils.database - INFO - MongoEngine initialized successfully
2025-09-05 16:52:05,985 - utils.database - INFO - MongoDB connection successful
2025-09-05 16:52:06,006 - utils.database - INFO - Creating indexes for all models...
2025-09-05 16:52:07,437 - utils.database - INFO - Indexes created successfully
2025-09-05 16:52:07,438 - __main__ - INFO - Database connection initialized successfully
2025-09-05 16:52:07,508 - passlib.registry - DEBUG - registered 'bcrypt_sha256' handler: <class 'passlib.handlers.bcrypt.bcrypt_sha256'>
2025-09-05 16:52:07,534 - routes.api - INFO - All blueprints registered successfully
2025-09-05 16:52:07,537 - __main__ - INFO - TrueCred API initialized in development mode
2025-09-05 16:52:07,671 - werkzeug - WARNING -  * Debugger is active!
2025-09-05 16:52:07,680 - werkzeug - INFO -  * Debugger PIN: 103-082-363
2025-09-05 16:55:10,552 - __main__ - INFO - Initializing database connection...
2025-09-05 16:55:10,553 - utils.database - INFO - Initializing MongoDB connection...
2025-09-05 16:55:10,777 - utils.database - INFO - PyMongo initialized successfully
2025-09-05 16:55:10,969 - utils.database - INFO - MongoEngine initialized successfully
2025-09-05 16:55:11,380 - utils.database - INFO - MongoDB connection successful
2025-09-05 16:55:11,389 - utils.database - INFO - Creating indexes for all models...
2025-09-05 16:55:12,418 - utils.database - INFO - Indexes created successfully
2025-09-05 16:55:12,419 - __main__ - INFO - Database connection initialized successfully
2025-09-05 16:55:12,499 - passlib.registry - DEBUG - registered 'bcrypt_sha256' handler: <class 'passlib.handlers.bcrypt.bcrypt_sha256'>
2025-09-05 16:55:12,527 - routes.api - INFO - All blueprints registered successfully
2025-09-05 16:55:12,530 - __main__ - INFO - TrueCred API initialized in development mode
2025-09-05 16:55:12,608 - werkzeug - INFO - [31m[1mWARNING: This is a development server. Do not use it in a production deployment. Use a production WSGI server instead.[0m
 * Running on all addresses (0.0.0.0)
 * Running on http://127.0.0.1:5000
 * Running on http://192.168.1.104:5000
2025-09-05 16:55:12,611 - werkzeug - INFO - [33mPress CTRL+C to quit[0m
2025-09-05 16:55:12,637 - werkzeug - INFO -  * Restarting with watchdog (windowsapi)
2025-09-05 16:55:14,915 - __main__ - INFO - Initializing database connection...
2025-09-05 16:55:14,941 - utils.database - INFO - Initializing MongoDB connection...
2025-09-05 16:55:15,384 - utils.database - INFO - PyMongo initialized successfully
2025-09-05 16:55:15,691 - utils.database - INFO - MongoEngine initialized successfully
2025-09-05 16:55:16,362 - utils.database - INFO - MongoDB connection successful
2025-09-05 16:55:16,374 - utils.database - INFO - Creating indexes for all models...
2025-09-05 16:55:17,591 - utils.database - INFO - Indexes created successfully
2025-09-05 16:55:17,592 - __main__ - INFO - Database connection initialized successfully
2025-09-05 16:55:17,662 - passlib.registry - DEBUG - registered 'bcrypt_sha256' handler: <class 'passlib.handlers.bcrypt.bcrypt_sha256'>
2025-09-05 16:55:17,700 - routes.api - INFO - All blueprints registered successfully
2025-09-05 16:55:17,704 - __main__ - INFO - TrueCred API initialized in development mode
2025-09-05 16:55:17,742 - werkzeug - WARNING -  * Debugger is active!
2025-09-05 16:55:17,750 - werkzeug - INFO -  * Debugger PIN: 103-082-363
2025-09-05 16:55:17,795 - app - INFO - GET / 200 0.58 127.0.0.1 c4b3ac44-4466-4741-918a-84bbeffec700
2025-09-05 16:55:17,798 - werkzeug - INFO - 127.0.0.1 - - [05/Sep/2025 16:55:17] "GET / HTTP/1.1" 200 -
2025-09-05 16:55:18,229 - app - INFO - GET /favicon.ico 404 0.0 127.0.0.1 fa924de8-6dee-49b1-a8b8-8d7643214292
2025-09-05 16:55:18,231 - werkzeug - INFO - 127.0.0.1 - - [05/Sep/2025 16:55:18] "[33mGET /favicon.ico HTTP/1.1[0m" 404 -
2025-09-05 16:56:56,383 - __main__ - INFO - Initializing database connection...
2025-09-05 16:56:56,384 - utils.database - INFO - Initializing MongoDB connection...
2025-09-05 16:56:56,592 - utils.database - INFO - PyMongo initialized successfully
2025-09-05 16:56:56,788 - utils.database - INFO - MongoEngine initialized successfully
2025-09-05 16:56:57,074 - utils.database - INFO - MongoDB connection successful
2025-09-05 16:56:57,086 - utils.database - INFO - Creating indexes for all models...
2025-09-05 16:56:58,019 - utils.database - INFO - Indexes created successfully
2025-09-05 16:56:58,019 - __main__ - INFO - Database connection initialized successfully
2025-09-05 16:56:58,089 - passlib.registry - DEBUG - registered 'bcrypt_sha256' handler: <class 'passlib.handlers.bcrypt.bcrypt_sha256'>
2025-09-05 16:56:58,121 - routes.api - INFO - All blueprints registered successfully
2025-09-05 16:56:58,141 - __main__ - INFO - TrueCred API initialized in development mode
2025-09-05 16:56:58,224 - werkzeug - INFO - [31m[1mWARNING: This is a development server. Do not use it in a production deployment. Use a production WSGI server instead.[0m
 * Running on all addresses (0.0.0.0)
 * Running on http://127.0.0.1:5000
 * Running on http://192.168.1.104:5000
2025-09-05 16:56:58,225 - werkzeug - INFO - [33mPress CTRL+C to quit[0m
2025-09-05 16:56:58,259 - werkzeug - INFO -  * Restarting with watchdog (windowsapi)
2025-09-05 16:56:59,470 - __main__ - INFO - Initializing database connection...
2025-09-05 16:56:59,480 - utils.database - INFO - Initializing MongoDB connection...
2025-09-05 16:56:59,802 - utils.database - INFO - PyMongo initialized successfully
2025-09-05 16:57:00,519 - utils.database - INFO - MongoEngine initialized successfully
2025-09-05 16:57:00,759 - utils.database - INFO - MongoDB connection successful
2025-09-05 16:57:00,776 - utils.database - INFO - Creating indexes for all models...
2025-09-05 16:57:02,115 - utils.database - INFO - Indexes created successfully
2025-09-05 16:57:02,119 - __main__ - INFO - Database connection initialized successfully
2025-09-05 16:57:02,219 - passlib.registry - DEBUG - registered 'bcrypt_sha256' handler: <class 'passlib.handlers.bcrypt.bcrypt_sha256'>
2025-09-05 16:57:02,245 - routes.api - INFO - All blueprints registered successfully
2025-09-05 16:57:02,246 - __main__ - INFO - TrueCred API initialized in development mode
2025-09-05 16:57:02,295 - werkzeug - WARNING -  * Debugger is active!
2025-09-05 16:57:02,307 - werkzeug - INFO -  * Debugger PIN: 103-082-363
2025-09-05 16:57:02,453 - app - INFO - GET /api 308 0.7200000000000001 127.0.0.1 5745ab2b-f600-4f4f-b714-26b5577f59c1
2025-09-05 16:57:02,456 - werkzeug - INFO - 127.0.0.1 - - [05/Sep/2025 16:57:02] "[32mGET /api HTTP/1.1[0m" 308 -
2025-09-05 16:57:02,473 - app - INFO - GET /api/ 200 0.0 127.0.0.1 966865be-c1d7-4688-b21c-e60d8d772223
2025-09-05 16:57:02,478 - werkzeug - INFO - 127.0.0.1 - - [05/Sep/2025 16:57:02] "GET /api/ HTTP/1.1" 200 -
2025-09-05 16:57:02,947 - app - INFO - GET /favicon.ico 404 0.0 127.0.0.1 0a7d0b69-cdc0-4baf-92cf-21e8e9c9a5c1
2025-09-05 16:57:02,953 - werkzeug - INFO - 127.0.0.1 - - [05/Sep/2025 16:57:02] "[33mGET /favicon.ico HTTP/1.1[0m" 404 -
2025-09-05 16:57:03,419 - werkzeug - INFO -  * Detected change in 'C:\\Users\\Shubham Gupta\\GitHub\\TrueCred\\backend\\scripts\\auth_demo.py', reloading
2025-09-05 16:57:03,752 - werkzeug - INFO -  * Detected change in 'C:\\Users\\Shubham Gupta\\GitHub\\TrueCred\\backend\\scripts\\auth_demo.py', reloading
2025-09-05 16:57:03,759 - werkzeug - INFO -  * Detected change in 'C:\\Users\\Shubham Gupta\\GitHub\\TrueCred\\backend\\scripts\\auth_demo.py', reloading
2025-09-05 16:57:04,268 - app - INFO - GET / 200 0.585 127.0.0.1 8d3ff43a-1c42-47e0-a296-b02bd838d82a
2025-09-05 16:57:04,298 - werkzeug - INFO - 127.0.0.1 - - [05/Sep/2025 16:57:04] "GET / HTTP/1.1" 200 -
2025-09-05 16:57:05,271 - werkzeug - INFO -  * Restarting with watchdog (windowsapi)
2025-09-05 16:57:07,441 - __main__ - INFO - Initializing database connection...
2025-09-05 16:57:07,444 - utils.database - INFO - Initializing MongoDB connection...
2025-09-05 16:57:07,685 - utils.database - INFO - PyMongo initialized successfully
2025-09-05 16:57:08,276 - utils.database - INFO - MongoEngine initialized successfully
2025-09-05 16:57:08,517 - utils.database - INFO - MongoDB connection successful
2025-09-05 16:57:08,528 - utils.database - INFO - Creating indexes for all models...
2025-09-05 16:57:09,192 - utils.database - INFO - Indexes created successfully
2025-09-05 16:57:09,193 - __main__ - INFO - Database connection initialized successfully
2025-09-05 16:57:09,273 - passlib.registry - DEBUG - registered 'bcrypt_sha256' handler: <class 'passlib.handlers.bcrypt.bcrypt_sha256'>
2025-09-05 16:57:09,425 - routes.api - INFO - All blueprints registered successfully
2025-09-05 16:57:09,429 - __main__ - INFO - TrueCred API initialized in development mode
2025-09-05 16:57:09,513 - werkzeug - WARNING -  * Debugger is active!
2025-09-05 16:57:09,525 - werkzeug - INFO -  * Debugger PIN: 103-082-363
2025-09-05 16:57:09,577 - app - INFO - GET /api/status 200 0.505 127.0.0.1 fe2f9e76-5dea-48d6-a462-abcdeb6cf6b3
2025-09-05 16:57:09,590 - werkzeug - INFO - 127.0.0.1 - - [05/Sep/2025 16:57:09] "GET /api/status HTTP/1.1" 200 -
2025-09-05 16:57:13,836 - app - INFO - GET /api/docs 200 109.077 127.0.0.1 4ea11bdb-06d7-4dd0-8a29-a89a25af8ac3
2025-09-05 16:57:13,841 - werkzeug - INFO - 127.0.0.1 - - [05/Sep/2025 16:57:13] "GET /api/docs HTTP/1.1" 200 -
2025-09-05 16:57:27,126 - app - INFO - GET /api/health 308 0.062 127.0.0.1 01fe7e5d-d573-4b20-9e9a-63b1486cdb55
2025-09-05 16:57:27,129 - werkzeug - INFO - 127.0.0.1 - - [05/Sep/2025 16:57:27] "[32mGET /api/health HTTP/1.1[0m" 308 -
2025-09-05 16:57:27,438 - app - INFO - GET /api/health/ 200 0.6040000000000001 127.0.0.1 cff16a6a-191b-4249-9046-3305a75d6496
2025-09-05 16:57:27,441 - werkzeug - INFO - 127.0.0.1 - - [05/Sep/2025 16:57:27] "GET /api/health/ HTTP/1.1" 200 -
2025-09-05 16:57:30,494 - werkzeug - INFO - 127.0.0.1 - - [05/Sep/2025 16:57:30] "GET /api/health/check HTTP/1.1" 200 -
2025-09-05 16:57:36,621 - werkzeug - INFO -  * Detected change in 'C:\\Users\\Shubham Gupta\\GitHub\\TrueCred\\backend\\utils\\logging_config.py', reloading
2025-09-05 16:57:36,626 - werkzeug - INFO -  * Detected change in 'C:\\Users\\Shubham Gupta\\GitHub\\TrueCred\\backend\\scripts\\open_api_browser.py', reloading
2025-09-05 16:57:36,634 - werkzeug - INFO -  * Detected change in 'C:\\Users\\Shubham Gupta\\GitHub\\TrueCred\\backend\\utils\\logging_config.py', reloading
2025-09-05 16:57:36,641 - werkzeug - INFO -  * Detected change in 'C:\\Users\\Shubham Gupta\\GitHub\\TrueCred\\backend\\scripts\\open_api_browser.py', reloading
2025-09-05 16:57:36,730 - werkzeug - INFO -  * Detected change in 'C:\\Users\\Shubham Gupta\\GitHub\\TrueCred\\backend\\scripts\\auth_demo.py', reloading
2025-09-05 16:57:36,736 - werkzeug - INFO -  * Detected change in 'C:\\Users\\Shubham Gupta\\GitHub\\TrueCred\\backend\\scripts\\test_api.py', reloading
2025-09-05 16:57:37,495 - werkzeug - INFO -  * Restarting with watchdog (windowsapi)
2025-09-05 16:57:39,143 - __main__ - INFO - Initializing database connection...
2025-09-05 16:57:39,143 - utils.database - INFO - Initializing MongoDB connection...
2025-09-05 16:57:39,283 - utils.database - INFO - PyMongo initialized successfully
2025-09-05 16:57:39,469 - utils.database - INFO - MongoEngine initialized successfully
2025-09-05 16:57:39,674 - utils.database - INFO - MongoDB connection successful
2025-09-05 16:57:39,701 - utils.database - INFO - Creating indexes for all models...
2025-09-05 16:57:40,454 - utils.database - INFO - Indexes created successfully
2025-09-05 16:57:40,457 - __main__ - INFO - Database connection initialized successfully
2025-09-05 16:57:40,534 - passlib.registry - DEBUG - registered 'bcrypt_sha256' handler: <class 'passlib.handlers.bcrypt.bcrypt_sha256'>
2025-09-05 16:57:40,567 - routes.api - INFO - All blueprints registered successfully
2025-09-05 16:57:40,579 - __main__ - INFO - TrueCred API initialized in development mode
2025-09-05 16:57:40,626 - werkzeug - WARNING -  * Debugger is active!
2025-09-05 16:57:40,633 - werkzeug - INFO -  * Debugger PIN: 103-082-363
2025-09-05 16:58:47,811 - werkzeug - INFO -  * Detected change in 'C:\\Users\\Shubham Gupta\\GitHub\\TrueCred\\backend\\scripts\\open_api_browser.py', reloading
2025-09-05 16:58:47,813 - werkzeug - INFO -  * Detected change in 'C:\\Users\\Shubham Gupta\\GitHub\\TrueCred\\backend\\scripts\\test_api.py', reloading
2025-09-05 16:58:47,814 - werkzeug - INFO -  * Detected change in 'C:\\Users\\Shubham Gupta\\GitHub\\TrueCred\\backend\\scripts\\auth_demo.py', reloading
2025-09-05 16:58:48,702 - werkzeug - INFO -  * Restarting with watchdog (windowsapi)
2025-09-05 16:58:51,591 - __main__ - INFO - Initializing database connection...
2025-09-05 16:58:51,592 - utils.database - INFO - Initializing MongoDB connection...
2025-09-05 16:58:51,766 - utils.database - INFO - PyMongo initialized successfully
2025-09-05 16:58:51,978 - utils.database - INFO - MongoEngine initialized successfully
2025-09-05 16:58:52,141 - utils.database - INFO - MongoDB connection successful
2025-09-05 16:58:52,179 - utils.database - INFO - Creating indexes for all models...
2025-09-05 16:58:52,922 - utils.database - INFO - Indexes created successfully
2025-09-05 16:58:52,989 - __main__ - INFO - Database connection initialized successfully
2025-09-05 16:58:53,285 - passlib.registry - DEBUG - registered 'bcrypt_sha256' handler: <class 'passlib.handlers.bcrypt.bcrypt_sha256'>
2025-09-05 16:58:53,548 - routes.api - INFO - All blueprints registered successfully
2025-09-05 16:58:53,581 - __main__ - INFO - TrueCred API initialized in development mode
2025-09-05 16:58:53,812 - werkzeug - WARNING -  * Debugger is active!
2025-09-05 16:58:53,822 - werkzeug - INFO -  * Debugger PIN: 103-082-363
2025-09-05 16:59:44,838 - werkzeug - INFO -  * Detected change in 'C:\\Users\\Shubham Gupta\\GitHub\\TrueCred\\backend\\utils\\simple_logging.py', reloading
2025-09-05 16:59:45,041 - werkzeug - INFO -  * Detected change in 'C:\\Users\\Shubham Gupta\\GitHub\\TrueCred\\backend\\utils\\simple_logging.py', reloading
2025-09-05 16:59:45,757 - werkzeug - INFO -  * Restarting with watchdog (windowsapi)
2025-09-05 16:59:48,060 - __main__ - INFO - Initializing database connection...
2025-09-05 16:59:48,064 - utils.database - INFO - Initializing MongoDB connection...
2025-09-05 16:59:48,656 - utils.database - INFO - PyMongo initialized successfully
2025-09-05 16:59:49,286 - utils.database - INFO - MongoEngine initialized successfully
2025-09-05 16:59:49,623 - utils.database - INFO - MongoDB connection successful
2025-09-05 16:59:49,634 - utils.database - INFO - Creating indexes for all models...
2025-09-05 16:59:51,554 - utils.database - INFO - Indexes created successfully
2025-09-05 16:59:51,555 - __main__ - INFO - Database connection initialized successfully
2025-09-05 16:59:51,606 - passlib.registry - DEBUG - registered 'bcrypt_sha256' handler: <class 'passlib.handlers.bcrypt.bcrypt_sha256'>
2025-09-05 16:59:51,622 - routes.api - INFO - All blueprints registered successfully
2025-09-05 16:59:51,624 - __main__ - INFO - TrueCred API initialized in development mode
2025-09-05 16:59:51,652 - werkzeug - WARNING -  * Debugger is active!
2025-09-05 16:59:51,658 - werkzeug - INFO -  * Debugger PIN: 103-082-363
2025-09-05 16:59:55,483 - werkzeug - INFO -  * Detected change in 'C:\\Users\\Shubham Gupta\\GitHub\\TrueCred\\backend\\app.py', reloading
2025-09-05 16:59:56,347 - werkzeug - INFO -  * Restarting with watchdog (windowsapi)
2025-09-05 17:00:06,845 - werkzeug - INFO -  * Restarting with watchdog (windowsapi)
2025-09-05 17:00:25,789 - werkzeug - INFO -  * Restarting with watchdog (windowsapi)
2025-09-05 17:00:59,177 - werkzeug - INFO -  * Restarting with watchdog (windowsapi)
